[LOG] System::create                           : Header version = 2.02.20. Current version = 2.02.20.
[LOG] Manager::init                            : maxchannels = 256 studioflags = 00000006 flags 00000000 extradriverdata 0000000000000000.
[LOG] SystemI::init                            : Initialize version=20220 (139317), maxchannels=256, flags=0x00020000
[LOG] SystemI::setOutputInternal               : Setting output to 'FMOD WASAPI Output'
[LOG] OutputWASAPI::init                       : Mix Format (WAVEFORMATEX): wFormatTag=0xFFFE, nChannels=2, nSamplesPerSec=48000, nAvgBytesPerSec=384000, nBlockAlign=8, wBitsPerSample=32, cbSize=22.
[LOG] OutputWASAPI::init                       : Mix Format (WAVEFORMATEXTENSIBLE): wValidBitsPerSample=32, dwChannelMask=0x00000003, SubFormat=00000003-0000-0010-8000-00AA00389B71.
[LOG] OutputWASAPI::init                       : Output buffer size: 4096 samples, latency: 0.00ms, period: 10.00ms, DSP buffer: 1024 * 4
[LOG] Thread::initThread                       : Init FMOD stream thread. Affinity: 0x4000000000000003, Priority: 0xFFFF7FFB, Stack Size: 98304, Semaphore: No, Sleep Time: 10, Looping: Yes.
[LOG] Thread::initThread                       : Init FMOD mixer thread. Affinity: 0x4000000000000001, Priority: 0xFFFF7FFA, Stack Size: 81920, Semaphore: No, Sleep Time: 0, Looping: Yes.
[LOG] AsyncManager::init                       : manager 000001F96078A068 isAsync 0 updatePeriod 0.02
[LOG] AsyncManager::init                       : done
[LOG] PlaybackSystem::init                     : 
[LOG] Thread::initThread                       : Init FMOD Studio sample load thread. Affinity: 0x4000000000000003, Priority: 0xFFFF7FFD, Stack Size: 98304, Semaphore: No, Sleep Time: 1, Looping: No.
[LOG] PlaybackSystem::init                     : done
[LOG] Thread::initThread                       : Init FMOD Studio bank load thread. Affinity: 0x4000000000000003, Priority: 0xFFFF7FFD, Stack Size: 98304, Semaphore: No, Sleep Time: 1, Looping: No.
[LOG] Manager::init                            : done.
[LOG] Manager::readBank                        : fileversion = 142, compatVersion = 140 (oldest = 44, newest = 142)
[LOG] Manager::readBank                        : fileversion = 142, compatVersion = 140 (oldest = 44, newest = 142)
[LOG] Manager::readBank                        : fileversion = 142, compatVersion = 140 (oldest = 44, newest = 142)
[LOG] PlaybackSystem::acquireMasterBus         : Setting master channel group format to 6
[LOG] SystemI::createSound                     : filename = Assets/Audio/FMOD Banks/Master.bank : mode 02010082
[LOG] SystemI::createSound                     : FMOD_NONBLOCKING specified.  Putting into queue to be opened asynchronously!
[LOG] AsyncThread::add                         : add sound to async queue : soundi = 000001F98CE58A78, queue head = 000001F9BD96C208, queue count = 0
[LOG] AsyncThread::threadFunc                  : Starting Asynchronous operation on sound 000001F98CE58A78
[LOG] SystemI::createSound                     : filename = Assets/Audio/FMOD Banks/Master.bank : mode 02010082
[LOG] SystemI::createSoundInternal             :     Create name='Assets/Audio/FMOD Banks/Master.bank', mode=0x02010082
[LOG] SystemI::createSound                     :     FMOD_NONBLOCKING specified.  Putting into queue to be opened asynchronously!
[LOG] SystemI::createSoundInternal             :     exinfo->cbsize             = 224
[LOG] AsyncThread::add                         :     add sound to async queue : soundi = 000001F98CE561F8, queue head = 000001F9BD96C208, queue count = 0
[LOG] SystemI::createSoundInternal             :     exinfo->length             = 6720416
[LOG] SystemI::createSoundInternal             :     exinfo->fileoffset         = 73216
[LOG] SystemI::createSoundInternal             :     exinfo->numsubsounds       = 1
[LOG] SystemI::createSoundInternal             :     exinfo->inclusionlist      = 000001F7505A76E0
[LOG] SystemI::createSoundInternal             :     exinfo->inclusionlistnum   = 1
[LOG] SystemI::createSoundInternal             :     exinfo->suggestedsoundtype = 5
[LOG] SystemI::createSoundInternal             :     exinfo->initialseekpostype = 1
[LOG] SystemI::createSoundInternal             :     Stream 0/1: name='Mo_MUS_Amb_ViolinChord2', format=5, channels=2, frequency=48000, lengthbytes=102752, lengthpcm=528001, pcmblocksize=0, loopstart=0, loopend=0, mode=0x00000000, channelmask=0x00000000, channelorder=0, peakvolume=0.048948.
[LOG] AsyncThread::threadFunc                  : Finished Asynchronous operation on sound 000001F98CE58A78
[LOG] AsyncThread::threadFunc                  : Starting Asynchronous operation on sound 000001F98CE561F8
[LOG] SystemI::createSoundInternal             :     Create name='Assets/Audio/FMOD Banks/Master.bank', mode=0x02010082
[LOG] SystemI::createSoundInternal             :     exinfo->cbsize             = 224
[LOG] SystemI::createSoundInternal             :     exinfo->length             = 6720416
[LOG] SystemI::createSoundInternal             :     exinfo->fileoffset         = 73216
[LOG] SystemI::createSoundInternal             :     exinfo->numsubsounds       = 1
[LOG] SystemI::createSoundInternal             :     exinfo->inclusionlist      = 000001F7505A7960
[LOG] SystemI::createSoundInternal             :     exinfo->inclusionlistnum   = 1
[LOG] SystemI::createSoundInternal             :     exinfo->suggestedsoundtype = 5
[LOG] SystemI::createSoundInternal             :     exinfo->initialseekpostype = 1
[LOG] SystemI::createSoundInternal             :     Stream 0/1: name='Mo_MUS_Amb_Piano2', format=5, channels=2, frequency=48000, lengthbytes=90240, lengthpcm=576000, pcmblocksize=0, loopstart=0, loopend=0, mode=0x00000000, channelmask=0x00000000, channelorder=0, peakvolume=0.147902.
[LOG] AsyncThread::threadFunc                  : Finished Asynchronous operation on sound 000001F98CE561F8
[LOG] SystemI::createSound                     : filename = Assets/Audio/FMOD Banks/Master.bank : mode 02010082
[LOG] SystemI::createSound                     : FMOD_NONBLOCKING specified.  Putting into queue to be opened asynchronously!
[LOG] AsyncThread::add                         : add sound to async queue : soundi = 000001F98CE58C28, queue head = 000001F9BD96C208, queue count = 0
[LOG] SystemI::createSound                     : filename = Assets/Audio/FMOD Banks/Master.bank : mode 02010082
[LOG] SystemI::createSound                     : FMOD_NONBLOCKING specified.  Putting into queue to be opened asynchronously!
[LOG] AsyncThread::threadFunc                  : Starting Asynchronous operation on sound 000001F98CE58C28
[LOG] SystemI::createSoundInternal             :     Create name='Assets/Audio/FMOD Banks/Master.bank', mode=0x02010082
[LOG] AsyncThread::add                         :     add sound to async queue : soundi = 000001F98CE55988, queue head = 000001F9BD96C208, queue count = 0
[LOG] SystemI::createSoundInternal             :     exinfo->cbsize             = 224
[LOG] SystemI::createSoundInternal             :     exinfo->length             = 6720416
[LOG] SystemI::createSoundInternal             :     exinfo->fileoffset         = 73216
[LOG] SystemI::createSoundInternal             :     exinfo->numsubsounds       = 1
[LOG] SystemI::createSoundInternal             :     exinfo->inclusionlist      = 000001F7505A71E0
[LOG] SystemI::createSoundInternal             :     exinfo->inclusionlistnum   = 1
[LOG] SystemI::createSoundInternal             :     exinfo->suggestedsoundtype = 5
[LOG] SystemI::createSoundInternal             :     exinfo->initialseekpostype = 1
[LOG] SystemI::createSoundInternal             :     Stream 0/1: name='SFX_MO_Ambience_Land(Exploration)', format=5, channels=2, frequency=48000, lengthbytes=302784, lengthpcm=1156747, pcmblocksize=0, loopstart=0, loopend=0, mode=0x00000000, channelmask=0x00000000, channelorder=0, peakvolume=0.025742.
[LOG] AsyncThread::threadFunc                  : Finished Asynchronous operation on sound 000001F98CE58C28
[LOG] AsyncThread::threadFunc                  : Starting Asynchronous operation on sound 000001F98CE55988
[LOG] SystemI::createSoundInternal             :     Create name='Assets/Audio/FMOD Banks/Master.bank', mode=0x02010082
[LOG] SystemI::createSoundInternal             :     exinfo->cbsize             = 224
[LOG] SystemI::createSoundInternal             :     exinfo->length             = 6720416
[LOG] SystemI::createSoundInternal             :     exinfo->fileoffset         = 73216
[LOG] SystemI::createSoundInternal             :     exinfo->numsubsounds       = 1
[LOG] SystemI::createSoundInternal             :     exinfo->inclusionlist      = 000001F7505A7820
[LOG] SystemI::createSoundInternal             :     exinfo->inclusionlistnum   = 1
[LOG] SystemI::createSoundInternal             :     exinfo->suggestedsoundtype = 5
[LOG] SystemI::createSoundInternal             :     exinfo->initialseekpostype = 1
[LOG] SystemI::createSoundInternal             :     Stream 0/1: name='Ambience, Underground, Cave, Deep, Wind 03 SND46577', format=5, channels=2, frequency=48000, lengthbytes=120736, lengthpcm=510000, pcmblocksize=0, loopstart=0, loopend=0, mode=0x00000000, channelmask=0x00000000, channelorder=0, peakvolume=0.194300.
[LOG] AsyncThread::threadFunc                  : Finished Asynchronous operation on sound 000001F98CE55988
[LOG] AsyncThread::add                         : add sound to async queue : soundi = 000001F98CE563A8, queue head = 000001F9BD96C208, queue count = 0
[LOG] AsyncThread::threadFunc                  : Starting Asynchronous operation on sound 000001F98CE563A8
[LOG] AsyncThread::threadFunc                  : Finished Asynchronous operation on sound 000001F98CE563A8
[LOG] SoundI::release                          : Ambience, Underground, Cave, Deep, Wind 03 SND46577 (000001F9C4281C68)
[LOG] SoundI::release                          :     Ambience, Underground, Cave, Deep, Wind 03 SND46577 (000001F75351C418)
[LOG] SoundI::release                          :     Ambience, Underground, Cave, Deep, Wind 03 SND46577 (000001F98CE54F68)
[LOG] SoundI::release                          : SFX_MO_Ambience_Land(Exploration) (000001F9C4281AB8)
[LOG] SoundI::release                          :     SFX_MO_Ambience_Land(Exploration) (000001F75351C278)
[LOG] SoundI::release                          :     SFX_MO_Ambience_Land(Exploration) (000001F98CE56048)
[LOG] SystemI::createSound                     : filename = Assets/Audio/FMOD Banks/Master.bank : mode 02010082
[LOG] SystemI::createSound                     : FMOD_NONBLOCKING specified.  Putting into queue to be opened asynchronously!
[LOG] AsyncThread::add                         : add sound to async queue : soundi = 000001F98CE55CE8, queue head = 000001F9BD96C208, queue count = 0
[LOG] AsyncThread::threadFunc                  : Starting Asynchronous operation on sound 000001F98CE55CE8
[LOG] SystemI::createSoundInternal             :     Create name='Assets/Audio/FMOD Banks/Master.bank', mode=0x02010082
[LOG] SystemI::createSoundInternal             :     exinfo->cbsize             = 224
[LOG] SystemI::createSoundInternal             :     exinfo->length             = 6720416
[LOG] SystemI::createSoundInternal             :     exinfo->fileoffset         = 73216
[LOG] SystemI::createSoundInternal             :     exinfo->numsubsounds       = 1
[LOG] SystemI::createSoundInternal             :     exinfo->inclusionlist      = 000001F7505A7D20
[LOG] SystemI::createSoundInternal             :     exinfo->inclusionlistnum   = 1
[LOG] SystemI::createSoundInternal             :     exinfo->suggestedsoundtype = 5
[LOG] SystemI::createSoundInternal             :     exinfo->initialseekpostype = 1
[LOG] SystemI::createSoundInternal             :     Stream 0/1: name='Mo_MUS_Amb_Crotales3', format=5, channels=2, frequency=48000, lengthbytes=30848, lengthpcm=576000, pcmblocksize=0, loopstart=0, loopend=0, mode=0x00000000, channelmask=0x00000000, channelorder=0, peakvolume=0.022823.
[LOG] AsyncThread::threadFunc                  : Finished Asynchronous operation on sound 000001F98CE55CE8
[LOG] SoundI::release                          : Mo_MUS_Amb_Piano1 (000001F9C4282838)
[LOG] SoundI::release                          :     Mo_MUS_Amb_Piano1 (000001F75351DAD8)
[LOG] SoundI::release                          :     Mo_MUS_Amb_Piano1 (000001F98CE58718)
[LOG] SystemI::createSound                     : filename = Assets/Audio/FMOD Banks/Master.bank : mode 02010082
[LOG] SystemI::createSound                     : FMOD_NONBLOCKING specified.  Putting into queue to be opened asynchronously!
[LOG] AsyncThread::add                         : add sound to async queue : soundi = 000001F98CE57128, queue head = 000001F9BD96C208, queue count = 0
[LOG] AsyncThread::threadFunc                  : Starting Asynchronous operation on sound 000001F98CE57128
[LOG] SystemI::createSound                     : filename = Assets/Audio/FMOD Banks/Master.bank : mode 02010082
[LOG] SystemI::createSoundInternal             :     Create name='Assets/Audio/FMOD Banks/Master.bank', mode=0x02010082
[LOG] SystemI::createSound                     :     FMOD_NONBLOCKING specified.  Putting into queue to be opened asynchronously!
[LOG] SystemI::createSoundInternal             :     exinfo->cbsize             = 224
[LOG] AsyncThread::add                         :     add sound to async queue : soundi = 000001F98CE56A68, queue head = 000001F9BD96C208, queue count = 0
[LOG] SystemI::createSoundInternal             :     exinfo->length             = 6720416
[LOG] SystemI::createSoundInternal             :     exinfo->fileoffset         = 73216
[LOG] SystemI::createSound                     :     filename = Assets/Audio/FMOD Banks/Master.bank : mode 02010082
[LOG] SystemI::createSoundInternal             :     exinfo->numsubsounds       = 1
[LOG] SystemI::createSound                     :     FMOD_NONBLOCKING specified.  Putting into queue to be opened asynchronously!
[LOG] SystemI::createSoundInternal             :     exinfo->inclusionlist      = 000001F7505A7320
[LOG] AsyncThread::add                         :     add sound to async queue : soundi = 000001F98CE56DC8, queue head = 000001F9BD96C208, queue count = 1
[LOG] SystemI::createSoundInternal             :     exinfo->inclusionlistnum   = 1
[LOG] SystemI::createSoundInternal             :     exinfo->suggestedsoundtype = 5
[LOG] SystemI::createSound                     :     filename = Assets/Audio/FMOD Banks/Master.bank : mode 02010082
[LOG] SystemI::createSoundInternal             :     exinfo->initialseekpostype = 1
[LOG] SystemI::createSound                     :     FMOD_NONBLOCKING specified.  Putting into queue to be opened asynchronously!
[LOG] AsyncThread::add                         :     add sound to async queue : soundi = 000001F9C4280EE8, queue head = 000001F9BD96C208, queue count = 2
[LOG] SystemI::createSound                     :     filename = Assets/Audio/FMOD Banks/Master.bank : mode 02010082
[LOG] SystemI::createSound                     :     FMOD_NONBLOCKING specified.  Putting into queue to be opened asynchronously!
[LOG] AsyncThread::add                         :     add sound to async queue : soundi = 000001F9C4281AB8, queue head = 000001F9BD96C208, queue count = 3
[LOG] SystemI::createSound                     :     filename = Assets/Audio/FMOD Banks/Master.bank : mode 02010082
[LOG] SystemI::createSound                     :     FMOD_NONBLOCKING specified.  Putting into queue to be opened asynchronously!
[LOG] AsyncThread::add                         :     add sound to async queue : soundi = 000001F9C4282838, queue head = 000001F9BD96C208, queue count = 4
[LOG] SystemI::createSoundInternal             :     Stream 0/1: name='Wind, Vegetation, Wind In Trees, Dry, Grass, Leaves, Bushes SND45523', format=5, channels=2, frequency=48000, lengthbytes=220512, lengthpcm=800208, pcmblocksize=0, loopstart=0, loopend=0, mode=0x00000000, channelmask=0x00000000, channelorder=0, peakvolume=0.278659.
[LOG] AsyncThread::threadFunc                  : Finished Asynchronous operation on sound 000001F98CE57128
[LOG] AsyncThread::threadFunc                  : Starting Asynchronous operation on sound 000001F98CE56A68
[LOG] SystemI::createSoundInternal             :     Create name='Assets/Audio/FMOD Banks/Master.bank', mode=0x02010082
[LOG] SystemI::createSoundInternal             :     exinfo->cbsize             = 224
[LOG] SystemI::createSoundInternal             :     exinfo->length             = 6720416
[LOG] SystemI::createSoundInternal             :     exinfo->fileoffset         = 73216
[LOG] SystemI::createSoundInternal             :     exinfo->numsubsounds       = 1
[LOG] SystemI::createSoundInternal             :     exinfo->inclusionlist      = 000001F7505A7460
[LOG] SystemI::createSoundInternal             :     exinfo->inclusionlistnum   = 1
[LOG] SystemI::createSoundInternal             :     exinfo->suggestedsoundtype = 5
[LOG] SystemI::createSoundInternal             :     exinfo->initialseekpostype = 1
[LOG] SystemI::createSoundInternal             :     Stream 0/1: name='Wind, Vegetation, Wind In Trees, Dry, Grass, Leaves, Bushes SND45523', format=5, channels=2, frequency=48000, lengthbytes=220512, lengthpcm=800208, pcmblocksize=0, loopstart=0, loopend=0, mode=0x00000000, channelmask=0x00000000, channelorder=0, peakvolume=0.278659.
[LOG] AsyncThread::threadFunc                  : Finished Asynchronous operation on sound 000001F98CE56A68
[LOG] AsyncThread::threadFunc                  : Starting Asynchronous operation on sound 000001F98CE56DC8
[LOG] SystemI::createSoundInternal             :     Create name='Assets/Audio/FMOD Banks/Master.bank', mode=0x02010082
[LOG] SystemI::createSoundInternal             :     exinfo->cbsize             = 224
[LOG] SystemI::createSoundInternal             :     exinfo->length             = 6720416
[LOG] SystemI::createSoundInternal             :     exinfo->fileoffset         = 73216
[LOG] SystemI::createSoundInternal             :     exinfo->numsubsounds       = 1
[LOG] SystemI::createSoundInternal             :     exinfo->inclusionlist      = 000001F7505A75A0
[LOG] SystemI::createSoundInternal             :     exinfo->inclusionlistnum   = 1
[LOG] SystemI::createSoundInternal             :     exinfo->suggestedsoundtype = 5
[LOG] SystemI::createSoundInternal             :     exinfo->initialseekpostype = 1
[LOG] SystemI::createSoundInternal             :     Stream 0/1: name='Wind, Vegetation, Wind In Trees, Dry, Grass, Leaves, Bushes SND45523', format=5, channels=2, frequency=48000, lengthbytes=220512, lengthpcm=800208, pcmblocksize=0, loopstart=0, loopend=0, mode=0x00000000, channelmask=0x00000000, channelorder=0, peakvolume=0.278659.
[LOG] AsyncThread::threadFunc                  : Finished Asynchronous operation on sound 000001F98CE56DC8
[LOG] AsyncThread::threadFunc                  : Starting Asynchronous operation on sound 000001F9C4280EE8
[LOG] SystemI::createSoundInternal             :     Create name='Assets/Audio/FMOD Banks/Master.bank', mode=0x02010082
[LOG] SystemI::createSoundInternal             :     exinfo->cbsize             = 224
[LOG] SystemI::createSoundInternal             :     exinfo->length             = 6720416
[LOG] SystemI::createSoundInternal             :     exinfo->fileoffset         = 73216
[LOG] SystemI::createSoundInternal             :     exinfo->numsubsounds       = 1
[LOG] SystemI::createSoundInternal             :     exinfo->inclusionlist      = 000001F8B29516F0
[LOG] SystemI::createSoundInternal             :     exinfo->inclusionlistnum   = 1
[LOG] SystemI::createSoundInternal             :     exinfo->suggestedsoundtype = 5
[LOG] SystemI::createSoundInternal             :     exinfo->initialseekpostype = 1
[LOG] SystemI::createSoundInternal             :     Stream 0/1: name='Wind, Vegetation, Wind In Trees, Dry, Grass, Leaves, Bushes SND45523', format=5, channels=2, frequency=48000, lengthbytes=220512, lengthpcm=800208, pcmblocksize=0, loopstart=0, loopend=0, mode=0x00000000, channelmask=0x00000000, channelorder=0, peakvolume=0.278659.
[LOG] AsyncThread::threadFunc                  : Finished Asynchronous operation on sound 000001F9C4280EE8
[LOG] AsyncThread::threadFunc                  : Starting Asynchronous operation on sound 000001F9C4281AB8
[LOG] SystemI::createSoundInternal             :     Create name='Assets/Audio/FMOD Banks/Master.bank', mode=0x02010082
[LOG] SystemI::createSoundInternal             :     exinfo->cbsize             = 224
[LOG] SystemI::createSoundInternal             :     exinfo->length             = 6720416
[LOG] SystemI::createSoundInternal             :     exinfo->fileoffset         = 73216
[LOG] SystemI::createSoundInternal             :     exinfo->numsubsounds       = 1
[LOG] SystemI::createSoundInternal             :     exinfo->inclusionlist      = 000001F8B2951D30
[LOG] SystemI::createSoundInternal             :     exinfo->inclusionlistnum   = 1
[LOG] SystemI::createSoundInternal             :     exinfo->suggestedsoundtype = 5
[LOG] SystemI::createSoundInternal             :     exinfo->initialseekpostype = 1
[LOG] SystemI::createSoundInternal             :     Stream 0/1: name='Wind, Vegetation, Wind In Trees, Dry, Grass, Leaves, Bushes SND45523', format=5, channels=2, frequency=48000, lengthbytes=220512, lengthpcm=800208, pcmblocksize=0, loopstart=0, loopend=0, mode=0x00000000, channelmask=0x00000000, channelorder=0, peakvolume=0.278659.
[LOG] AsyncThread::threadFunc                  : Finished Asynchronous operation on sound 000001F9C4281AB8
[LOG] AsyncThread::threadFunc                  : Starting Asynchronous operation on sound 000001F9C4282838
[LOG] SystemI::createSoundInternal             :     Create name='Assets/Audio/FMOD Banks/Master.bank', mode=0x02010082
[LOG] SystemI::createSoundInternal             :     exinfo->cbsize             = 224
[LOG] SystemI::createSoundInternal             :     exinfo->length             = 6720416
[LOG] SystemI::createSoundInternal             :     exinfo->fileoffset         = 73216
[LOG] SystemI::createSoundInternal             :     exinfo->numsubsounds       = 1
[LOG] SystemI::createSoundInternal             :     exinfo->inclusionlist      = 000001F8B2951470
[LOG] SystemI::createSoundInternal             :     exinfo->inclusionlistnum   = 1
[LOG] SystemI::createSoundInternal             :     exinfo->suggestedsoundtype = 5
[LOG] SystemI::createSoundInternal             :     exinfo->initialseekpostype = 1
[LOG] SystemI::createSoundInternal             :     Stream 0/1: name='Water, Wave, Small Waves Close, Bigger Distant Waves, 1 Meter From Ocean, Halmstad, Sweden SND57980', format=5, channels=2, frequency=48000, lengthbytes=221696, lengthpcm=728126, pcmblocksize=0, loopstart=0, loopend=0, mode=0x00000000, channelmask=0x00000000, channelorder=0, peakvolume=0.434901.
[LOG] AsyncThread::threadFunc                  : Finished Asynchronous operation on sound 000001F9C4282838
[LOG] AsyncThread::add                         : add sound to async queue : soundi = 000001F83D3EDC08, queue head = 000001F9BD96C208, queue count = 0
[LOG] AsyncThread::threadFunc                  : Starting Asynchronous operation on sound 000001F83D3EDC08
[LOG] AsyncThread::threadFunc                  : Finished Asynchronous operation on sound 000001F83D3EDC08
[LOG] SoundI::release                          : Water, Wave, Small Waves Close, Bigger Distant Waves, 1 Meter From Ocean, Halmstad, Sweden SND57980 (000001F74AC82168)
[LOG] SoundI::release                          :     Water, Wave, Small Waves Close, Bigger Distant Waves, 1 Meter From Ocean, Halmstad, Sweden SND57980 (000001F75351F818)
[LOG] SoundI::release                          :     Water, Wave, Small Waves Close, Bigger Distant Waves, 1 Meter From Ocean, Halmstad, Sweden SND57980 (000001F98CE552C8)
[LOG] SystemI::createSound                     : filename = Assets/Audio/FMOD Banks/Master.bank : mode 02010082
[LOG] SystemI::createSound                     : FMOD_NONBLOCKING specified.  Putting into queue to be opened asynchronously!
[LOG] AsyncThread::add                         : add sound to async queue : soundi = 000001F98CE552C8, queue head = 000001F9BD96C208, queue count = 0
[LOG] AsyncThread::threadFunc                  : Starting Asynchronous operation on sound 000001F98CE552C8
[LOG] SystemI::createSound                     : filename = Assets/Audio/FMOD Banks/Master.bank : mode 02010082
[LOG] SystemI::createSound                     :     FMOD_NONBLOCKING specified.  Putting into queue to be opened asynchronously!
[LOG] SystemI::createSoundInternal             :     Create name='Assets/Audio/FMOD Banks/Master.bank', mode=0x02010082
[LOG] AsyncThread::add                         :     add sound to async queue : soundi = 000001F95FFC7378, queue head = 000001F9BD96C208, queue count = 0
[LOG] SystemI::createSoundInternal             :     exinfo->cbsize             = 224
[LOG] SystemI::createSoundInternal             :     exinfo->length             = 6720416
[LOG] SystemI::createSoundInternal             :     exinfo->fileoffset         = 73216
[LOG] SystemI::createSoundInternal             :     exinfo->numsubsounds       = 1
[LOG] SystemI::createSoundInternal             :     exinfo->inclusionlist      = 000001F8B2951FB0
[LOG] SystemI::createSoundInternal             :     exinfo->inclusionlistnum   = 1
[LOG] SystemI::createSoundInternal             :     exinfo->suggestedsoundtype = 5
[LOG] SystemI::createSoundInternal             :     exinfo->initialseekpostype = 1
[LOG] SystemI::createSoundInternal             :     Stream 0/1: name='Mo_MUS_Amb_ViolinHigh', format=5, channels=2, frequency=48000, lengthbytes=152320, lengthpcm=768000, pcmblocksize=0, loopstart=0, loopend=0, mode=0x00000000, channelmask=0x00000000, channelorder=0, peakvolume=0.033763.
[LOG] AsyncThread::threadFunc                  : Finished Asynchronous operation on sound 000001F98CE552C8
[LOG] AsyncThread::threadFunc                  : Starting Asynchronous operation on sound 000001F95FFC7378
[LOG] SystemI::createSoundInternal             :     Create name='Assets/Audio/FMOD Banks/Master.bank', mode=0x02010082
[LOG] SystemI::createSoundInternal             :     exinfo->cbsize             = 224
[LOG] SystemI::createSoundInternal             :     exinfo->length             = 6720416
[LOG] SystemI::createSoundInternal             :     exinfo->fileoffset         = 73216
[LOG] SystemI::createSoundInternal             :     exinfo->numsubsounds       = 1
[LOG] SystemI::createSoundInternal             :     exinfo->inclusionlist      = 000001F8B2951E70
[LOG] SystemI::createSoundInternal             :     exinfo->inclusionlistnum   = 1
[LOG] SystemI::createSoundInternal             :     exinfo->suggestedsoundtype = 5
[LOG] SystemI::createSoundInternal             :     exinfo->initialseekpostype = 1
[LOG] SystemI::createSoundInternal             :     Stream 0/1: name='Mo_MUS_Amb_Piano3', format=5, channels=2, frequency=48000, lengthbytes=63072, lengthpcm=576000, pcmblocksize=0, loopstart=0, loopend=0, mode=0x00000000, channelmask=0x00000000, channelorder=0, peakvolume=0.183740.
[LOG] AsyncThread::threadFunc                  : Finished Asynchronous operation on sound 000001F95FFC7378
[LOG] SoundI::release                          : Wind, Vegetation, Wind In Trees, Dry, Grass, Leaves, Bushes SND45523 (000001F961163AD8)
[LOG] SoundI::release                          :     Wind, Vegetation, Wind In Trees, Dry, Grass, Leaves, Bushes SND45523 (000001F75351CC38)
[LOG] SoundI::release                          :     Wind, Vegetation, Wind In Trees, Dry, Grass, Leaves, Bushes SND45523 (000001F98CE56F78)
[LOG] SoundI::release                          : Wind, Vegetation, Wind In Trees, Dry, Grass, Leaves, Bushes SND45523 (000001F961164858)
[LOG] SoundI::release                          :     Wind, Vegetation, Wind In Trees, Dry, Grass, Leaves, Bushes SND45523 (000001F75351E638)
[LOG] SoundI::release                          :     Wind, Vegetation, Wind In Trees, Dry, Grass, Leaves, Bushes SND45523 (000001F98CE577E8)
[LOG] SoundI::release                          : Wind, Vegetation, Wind In Trees, Dry, Grass, Leaves, Bushes SND45523 (000001F9C4282B98)
[LOG] SoundI::release                          :     Wind, Vegetation, Wind In Trees, Dry, Grass, Leaves, Bushes SND45523 (000001F75351C758)
[LOG] SoundI::release                          :     Wind, Vegetation, Wind In Trees, Dry, Grass, Leaves, Bushes SND45523 (000001F98CE56558)
[LOG] SoundI::release                          : Wind, Vegetation, Wind In Trees, Dry, Grass, Leaves, Bushes SND45523 (000001F9C4281E18)
[LOG] SoundI::release                          :     Wind, Vegetation, Wind In Trees, Dry, Grass, Leaves, Bushes SND45523 (000001F75351DFB8)
[LOG] SoundI::release                          :     Wind, Vegetation, Wind In Trees, Dry, Grass, Leaves, Bushes SND45523 (000001F98CE588C8)
[LOG] SoundI::release                          : Wind, Vegetation, Wind In Trees, Dry, Grass, Leaves, Bushes SND45523 (000001F9C4280B88)
[LOG] SoundI::release                          :     Wind, Vegetation, Wind In Trees, Dry, Grass, Leaves, Bushes SND45523 (000001F75351DC78)
[LOG] SoundI::release                          :     Wind, Vegetation, Wind In Trees, Dry, Grass, Leaves, Bushes SND45523 (000001F98CE58058)
[LOG] SystemI::createSound                     : filename = Assets/Audio/FMOD Banks/Master.bank : mode 02010082
[LOG] SystemI::createSound                     : FMOD_NONBLOCKING specified.  Putting into queue to be opened asynchronously!
[LOG] AsyncThread::add                         : add sound to async queue : soundi = 000001F95FFC7D98, queue head = 000001F9BD96C208, queue count = 0
[LOG] AsyncThread::threadFunc                  : Starting Asynchronous operation on sound 000001F95FFC7D98
[LOG] SystemI::createSoundInternal             :     Create name='Assets/Audio/FMOD Banks/Master.bank', mode=0x02010082
[LOG] SystemI::createSoundInternal             :     exinfo->cbsize             = 224
[LOG] SystemI::createSoundInternal             :     exinfo->length             = 6720416
[LOG] SystemI::createSoundInternal             :     exinfo->fileoffset         = 73216
[LOG] SystemI::createSoundInternal             :     exinfo->numsubsounds       = 1
[LOG] SystemI::createSoundInternal             :     exinfo->inclusionlist      = 000001F8B29520F0
[LOG] SystemI::createSoundInternal             :     exinfo->inclusionlistnum   = 1
[LOG] SystemI::createSoundInternal             :     exinfo->suggestedsoundtype = 5
[LOG] SystemI::createSoundInternal             :     exinfo->initialseekpostype = 1
[LOG] SystemI::createSoundInternal             :     Stream 0/1: name='Mo_MUS_Amb_Guzheng2', format=5, channels=2, frequency=48000, lengthbytes=87488, lengthpcm=576000, pcmblocksize=0, loopstart=0, loopend=0, mode=0x00000000, channelmask=0x00000000, channelorder=0, peakvolume=0.053205.
[LOG] AsyncThread::threadFunc                  : Finished Asynchronous operation on sound 000001F95FFC7D98
[LOG] SystemI::createSound                     : filename = Assets/Audio/FMOD Banks/Master.bank : mode 02010082
[LOG] SystemI::createSound                     : FMOD_NONBLOCKING specified.  Putting into queue to be opened asynchronously!
[LOG] AsyncThread::add                         : add sound to async queue : soundi = 000001F95FFC6CB8, queue head = 000001F9BD96C208, queue count = 0
[LOG] SystemI::createSound                     : filename = Assets/Audio/FMOD Banks/Master.bank : mode 02010082
[LOG] SystemI::createSound                     : FMOD_NONBLOCKING specified.  Putting into queue to be opened asynchronously!
[LOG] AsyncThread::threadFunc                  : Starting Asynchronous operation on sound 000001F95FFC6CB8
[LOG] AsyncThread::add                         : add sound to async queue : soundi = 000001F95FFC7528, queue head = 000001F9BD96C208, queue count = 0
[LOG] SystemI::createSoundInternal             :     Create name='Assets/Audio/FMOD Banks/Master.bank', mode=0x02010082
[LOG] SystemI::createSoundInternal             :     exinfo->cbsize             = 224
[LOG] SystemI::createSoundInternal             :     exinfo->length             = 6720416
[LOG] SystemI::createSoundInternal             :     exinfo->fileoffset         = 73216
[LOG] SystemI::createSoundInternal             :     exinfo->numsubsounds       = 1
[LOG] SystemI::createSoundInternal             :     exinfo->inclusionlist      = 000001F8B2951830
[LOG] SystemI::createSoundInternal             :     exinfo->inclusionlistnum   = 1
[LOG] SystemI::createSoundInternal             :     exinfo->suggestedsoundtype = 5
[LOG] SystemI::createSoundInternal             :     exinfo->initialseekpostype = 1
[LOG] SystemI::createSoundInternal             :     Stream 0/1: name='SFX_MO_Ambience_Land(Exploration)', format=5, channels=2, frequency=48000, lengthbytes=302784, lengthpcm=1156747, pcmblocksize=0, loopstart=0, loopend=0, mode=0x00000000, channelmask=0x00000000, channelorder=0, peakvolume=0.025742.
[LOG] AsyncThread::threadFunc                  : Finished Asynchronous operation on sound 000001F95FFC6CB8
[LOG] AsyncThread::threadFunc                  : Starting Asynchronous operation on sound 000001F95FFC7528
[LOG] SystemI::createSoundInternal             :     Create name='Assets/Audio/FMOD Banks/Master.bank', mode=0x02010082
[LOG] SystemI::createSoundInternal             :     exinfo->cbsize             = 224
[LOG] SystemI::createSoundInternal             :     exinfo->length             = 6720416
[LOG] SystemI::createSoundInternal             :     exinfo->fileoffset         = 73216
[LOG] SystemI::createSoundInternal             :     exinfo->numsubsounds       = 1
[LOG] SystemI::createSoundInternal             :     exinfo->inclusionlist      = 000001F8B2951330
[LOG] SystemI::createSoundInternal             :     exinfo->inclusionlistnum   = 1
[LOG] SystemI::createSoundInternal             :     exinfo->suggestedsoundtype = 5
[LOG] SystemI::createSoundInternal             :     exinfo->initialseekpostype = 1
[LOG] SystemI::createSoundInternal             :     Stream 0/1: name='Ambience, Underground, Cave, Deep, Wind 03 SND46577', format=5, channels=2, frequency=48000, lengthbytes=120736, lengthpcm=510000, pcmblocksize=0, loopstart=0, loopend=0, mode=0x00000000, channelmask=0x00000000, channelorder=0, peakvolume=0.194300.
[LOG] AsyncThread::threadFunc                  : Finished Asynchronous operation on sound 000001F95FFC7528
[LOG] AsyncThread::add                         : add sound to async queue : soundi = 000001F95FFC9898, queue head = 000001F9BD96C208, queue count = 0
[LOG] AsyncThread::threadFunc                  : Starting Asynchronous operation on sound 000001F95FFC9898
[LOG] AsyncThread::threadFunc                  : Finished Asynchronous operation on sound 000001F95FFC9898
[LOG] SoundI::release                          : Mo_MUS_Amb_ViolinChord2 (000001F98CE58A78)
[LOG] SoundI::release                          :     Mo_MUS_Amb_ViolinChord2 (000001F75351E2F8)
[LOG] SoundI::release                          :     Mo_MUS_Amb_ViolinChord2 (000001F98CE55628)
[LOG] SoundI::release                          : Ambience, Underground, Cave, Deep, Wind 03 SND46577 (000001F98CE55988)
[LOG] SoundI::release                          :     Ambience, Underground, Cave, Deep, Wind 03 SND46577 (000001F75351F678)
[LOG] SoundI::release                          :     Ambience, Underground, Cave, Deep, Wind 03 SND46577 (000001F98CE57B48)
[LOG] SoundI::release                          : Mo_MUS_Amb_Piano2 (000001F98CE561F8)
[LOG] SoundI::release                          :     Mo_MUS_Amb_Piano2 (000001F75351E978)
[LOG] SoundI::release                          :     Mo_MUS_Amb_Piano2 (000001F98CE57638)
[LOG] SoundI::release                          : SFX_MO_Ambience_Land(Exploration) (000001F98CE58C28)
[LOG] SoundI::release                          :     SFX_MO_Ambience_Land(Exploration) (000001F75351F9B8)
[LOG] SoundI::release                          :     SFX_MO_Ambience_Land(Exploration) (000001F98CE563A8)
[LOG] SystemI::createSound                     : filename = Assets/Audio/FMOD Banks/Master.bank : mode 02010082
[LOG] SystemI::createSound                     : FMOD_NONBLOCKING specified.  Putting into queue to be opened asynchronously!
[LOG] AsyncThread::add                         : add sound to async queue : soundi = 000001F95FFC9DA8, queue head = 000001F9BD96C208, queue count = 0
[LOG] AsyncThread::threadFunc                  : Starting Asynchronous operation on sound 000001F95FFC9DA8
[LOG] SystemI::createSound                     : filename = Assets/Audio/FMOD Banks/Master.bank : mode 02010082
[LOG] SystemI::createSoundInternal             :     Create name='Assets/Audio/FMOD Banks/Master.bank', mode=0x02010082
[LOG] SystemI::createSound                     :     FMOD_NONBLOCKING specified.  Putting into queue to be opened asynchronously!
[LOG] SystemI::createSoundInternal             :     exinfo->cbsize             = 224
[LOG] AsyncThread::add                         :     add sound to async queue : soundi = 000001F95FFC8968, queue head = 000001F9BD96C208, queue count = 0
[LOG] SystemI::createSoundInternal             :     exinfo->length             = 6720416
[LOG] SystemI::createSoundInternal             :     exinfo->fileoffset         = 73216
[LOG] SystemI::createSoundInternal             :     exinfo->numsubsounds       = 1
[LOG] SystemI::createSoundInternal             :     exinfo->inclusionlist      = 000001F8B29515B0
[LOG] SystemI::createSoundInternal             :     exinfo->inclusionlistnum   = 1
[LOG] SystemI::createSoundInternal             :     exinfo->suggestedsoundtype = 5
[LOG] SystemI::createSoundInternal             :     exinfo->initialseekpostype = 1
[LOG] SystemI::createSoundInternal             :     Stream 0/1: name='Mo_MUS_Amb_ViolinChord3', format=5, channels=2, frequency=48000, lengthbytes=98880, lengthpcm=528000, pcmblocksize=0, loopstart=0, loopend=0, mode=0x00000000, channelmask=0x00000000, channelorder=0, peakvolume=0.083471.
[LOG] AsyncThread::threadFunc                  : Finished Asynchronous operation on sound 000001F95FFC9DA8
[LOG] AsyncThread::threadFunc                  : Starting Asynchronous operation on sound 000001F95FFC8968
[LOG] SystemI::createSoundInternal             :     Create name='Assets/Audio/FMOD Banks/Master.bank', mode=0x02010082
[LOG] SystemI::createSoundInternal             :     exinfo->cbsize             = 224
[LOG] SystemI::createSoundInternal             :     exinfo->length             = 6720416
[LOG] SystemI::createSoundInternal             :     exinfo->fileoffset         = 73216
[LOG] SystemI::createSoundInternal             :     exinfo->numsubsounds       = 1
[LOG] SystemI::createSoundInternal             :     exinfo->inclusionlist      = 000001F8B2951970
[LOG] SystemI::createSoundInternal             :     exinfo->inclusionlistnum   = 1
[LOG] SystemI::createSoundInternal             :     exinfo->suggestedsoundtype = 5
[LOG] SystemI::createSoundInternal             :     exinfo->initialseekpostype = 1
[LOG] SystemI::createSoundInternal             :     Stream 0/1: name='Mo_MUS_Amb_Piano4', format=5, channels=2, frequency=48000, lengthbytes=57824, lengthpcm=576000, pcmblocksize=0, loopstart=0, loopend=0, mode=0x00000000, channelmask=0x00000000, channelorder=0, peakvolume=0.082903.
[LOG] AsyncThread::threadFunc                  : Finished Asynchronous operation on sound 000001F95FFC8968
[LOG] AsyncThread::add                         : add sound to async queue : soundi = 000001F95FFC9F58, queue head = 000001F9BD96C208, queue count = 0
[LOG] AsyncThread::threadFunc                  : Starting Asynchronous operation on sound 000001F95FFC9F58
[LOG] AsyncThread::add                         : add sound to async queue : soundi = 000001F95FFC6E68, queue head = 000001F9BD96C208, queue count = 0
[LOG] AsyncThread::threadFunc                  : Finished Asynchronous operation on sound 000001F95FFC9F58
[LOG] AsyncThread::threadFunc                  : Starting Asynchronous operation on sound 000001F95FFC6E68
[LOG] AsyncThread::threadFunc                  : Finished Asynchronous operation on sound 000001F95FFC6E68
[LOG] SoundI::release                          : Mo_MUS_Amb_Crotales3 (000001F98CE55CE8)
[LOG] SoundI::release                          :     Mo_MUS_Amb_Crotales3 (000001F75351C278)
[LOG] SoundI::release                          :     Mo_MUS_Amb_Crotales3 (000001F98CE55E98)
[LOG] SystemI::createSound                     : filename = Assets/Audio/FMOD Banks/Master.bank : mode 02010082
[LOG] SystemI::createSound                     : FMOD_NONBLOCKING specified.  Putting into queue to be opened asynchronously!
[LOG] AsyncThread::add                         : add sound to async queue : soundi = 000001F95FFC82A8, queue head = 000001F9BD96C208, queue count = 0
[LOG] AsyncThread::threadFunc                  : Starting Asynchronous operation on sound 000001F95FFC82A8
[LOG] SystemI::createSoundInternal             :     Create name='Assets/Audio/FMOD Banks/Master.bank', mode=0x02010082
[LOG] SystemI::createSoundInternal             :     exinfo->cbsize             = 224
[LOG] SystemI::createSoundInternal             :     exinfo->length             = 6720416
[LOG] SystemI::createSoundInternal             :     exinfo->fileoffset         = 73216
[LOG] SystemI::createSoundInternal             :     exinfo->numsubsounds       = 1
[LOG] SystemI::createSoundInternal             :     exinfo->inclusionlist      = 000001F98FD0A880
[LOG] SystemI::createSoundInternal             :     exinfo->inclusionlistnum   = 1
[LOG] SystemI::createSoundInternal             :     exinfo->suggestedsoundtype = 5
[LOG] SystemI::createSoundInternal             :     exinfo->initialseekpostype = 1
[LOG] SystemI::createSoundInternal             :     Stream 0/1: name='Mo_MUS_Amb_Erhu1', format=5, channels=2, frequency=48000, lengthbytes=126656, lengthpcm=768000, pcmblocksize=0, loopstart=0, loopend=0, mode=0x00000000, channelmask=0x00000000, channelorder=0, peakvolume=0.195198.
[LOG] AsyncThread::threadFunc                  : Finished Asynchronous operation on sound 000001F95FFC82A8
[LOG] SoundI::release                          : Ambience, Underground, Cave, Deep, Wind 03 SND46577 (000001F95FFC7528)
[LOG] SoundI::release                          :     Ambience, Underground, Cave, Deep, Wind 03 SND46577 (000001F75351DC78)
[LOG] SoundI::release                          :     Ambience, Underground, Cave, Deep, Wind 03 SND46577 (000001F95FFCA7C8)
[LOG] SoundI::release                          : SFX_MO_Ambience_Land(Exploration) (000001F95FFC6CB8)
[LOG] SoundI::release                          :     SFX_MO_Ambience_Land(Exploration) (000001F753519D18)
[LOG] SoundI::release                          :     SFX_MO_Ambience_Land(Exploration) (000001F95FFC9898)
[LOG] SoundI::release                          : SFX_MO_Ambience_Shore (000001F9611646A8)
[LOG] SoundI::release                          :     SFX_MO_Ambience_Shore (000001F75351ECB8)
[LOG] SoundI::release                          :     SFX_MO_Ambience_Shore (000001F98CE57998)
[LOG] SoundI::release                          : SFX_MO_Ambience_Shore (000001F98CE57EA8)
[LOG] SoundI::release                          :     SFX_MO_Ambience_Shore (000001F753520038)
[LOG] SoundI::release                          :     SFX_MO_Ambience_Shore (000001F98CE56708)
[LOG] SoundI::release                          : SFX_MO_Ambience_Shore (000001F9BBCC97C8)
[LOG] SoundI::release                          :     SFX_MO_Ambience_Shore (000001F75351F198)
[LOG] SoundI::release                          :     SFX_MO_Ambience_Shore (000001F98CE57488)
[LOG] SoundI::release                          : SFX_MO_Ambience_Shore (000001F961163C88)
[LOG] SoundI::release                          :     SFX_MO_Ambience_Shore (000001F75351E7D8)
[LOG] SoundI::release                          :     SFX_MO_Ambience_Shore (000001F98CE57CF8)
[LOG] SoundI::release                          : Mo_MUS_Amb_Erhu1 (000001F95FFC82A8)
[LOG] SoundI::release                          :     Mo_MUS_Amb_Erhu1 (000001F75351DFB8)
[LOG] SoundI::release                          :     Mo_MUS_Amb_Erhu1 (000001F95FFC96E8)
[LOG] SoundI::release                          : Mo_MUS_Amb_Piano4 (000001F95FFC8968)
[LOG] SoundI::release                          :     Mo_MUS_Amb_Piano4 (000001F75351E158)
[LOG] SoundI::release                          :     Mo_MUS_Amb_Piano4 (000001F95FFC9F58)
[LOG] SoundI::release                          : Mo_MUS_Amb_ViolinChord3 (000001F95FFC9DA8)
[LOG] SoundI::release                          :     Mo_MUS_Amb_ViolinChord3 (000001F75351A878)
[LOG] SoundI::release                          :     Mo_MUS_Amb_ViolinChord3 (000001F95FFC6E68)
[LOG] SoundI::release                          : Mo_MUS_Amb_Guzheng2 (000001F95FFC7D98)
[LOG] SoundI::release                          :     Mo_MUS_Amb_Guzheng2 (000001F75351C8F8)
[LOG] SoundI::release                          :     Mo_MUS_Amb_Guzheng2 (000001F95FFC9BF8)
[LOG] SoundI::release                          : Mo_MUS_Amb_Piano3 (000001F95FFC7378)
[LOG] SoundI::release                          :     Mo_MUS_Amb_Piano3 (000001F753520378)
[LOG] SoundI::release                          :     Mo_MUS_Amb_Piano3 (000001F95FFCA468)
[LOG] SoundI::release                          : Mo_MUS_Amb_ViolinHigh (000001F98CE552C8)
[LOG] SoundI::release                          :     Mo_MUS_Amb_ViolinHigh (000001F75351F818)
[LOG] SoundI::release                          :     Mo_MUS_Amb_ViolinHigh (000001F95FFC87B8)
[LOG] SoundI::release                          : Water, Wave, Small Waves Close, Bigger Distant Waves, 1 Meter From Ocean, Halmstad, Sweden SND57980 (000001F9C4282838)
[LOG] SoundI::release                          :     Water, Wave, Small Waves Close, Bigger Distant Waves, 1 Meter From Ocean, Halmstad, Sweden SND57980 (000001F753520B98)
[LOG] SoundI::release                          :     Water, Wave, Small Waves Close, Bigger Distant Waves, 1 Meter From Ocean, Halmstad, Sweden SND57980 (000001F83D3EDC08)
[LOG] SoundI::release                          : Wind, Vegetation, Wind In Trees, Dry, Grass, Leaves, Bushes SND45523 (000001F98CE56DC8)
[LOG] SoundI::release                          :     Wind, Vegetation, Wind In Trees, Dry, Grass, Leaves, Bushes SND45523 (000001F75351D118)
[LOG] SoundI::release                          :     Wind, Vegetation, Wind In Trees, Dry, Grass, Leaves, Bushes SND45523 (000001F9BBCCA398)
[LOG] SoundI::release                          : Wind, Vegetation, Wind In Trees, Dry, Grass, Leaves, Bushes SND45523 (000001F98CE57128)
[LOG] SoundI::release                          :     Wind, Vegetation, Wind In Trees, Dry, Grass, Leaves, Bushes SND45523 (000001F75351FCF8)
[LOG] SoundI::release                          :     Wind, Vegetation, Wind In Trees, Dry, Grass, Leaves, Bushes SND45523 (000001F9C4280168)
[LOG] SoundI::release                          : Wind, Vegetation, Wind In Trees, Dry, Grass, Leaves, Bushes SND45523 (000001F98CE56A68)
[LOG] SoundI::release                          :     Wind, Vegetation, Wind In Trees, Dry, Grass, Leaves, Bushes SND45523 (000001F75351C418)
[LOG] SoundI::release                          :     Wind, Vegetation, Wind In Trees, Dry, Grass, Leaves, Bushes SND45523 (000001F9BBCCA038)
[LOG] SoundI::release                          : Wind, Vegetation, Wind In Trees, Dry, Grass, Leaves, Bushes SND45523 (000001F9C4281AB8)
[LOG] SoundI::release                          :     Wind, Vegetation, Wind In Trees, Dry, Grass, Leaves, Bushes SND45523 (000001F7535216F8)
[LOG] SoundI::release                          :     Wind, Vegetation, Wind In Trees, Dry, Grass, Leaves, Bushes SND45523 (000001F961163E38)
[LOG] SoundI::release                          : Wind, Vegetation, Wind In Trees, Dry, Grass, Leaves, Bushes SND45523 (000001F9C4280EE8)
[LOG] SoundI::release                          :     Wind, Vegetation, Wind In Trees, Dry, Grass, Leaves, Bushes SND45523 (000001F753521558)
[LOG] SoundI::release                          :     Wind, Vegetation, Wind In Trees, Dry, Grass, Leaves, Bushes SND45523 (000001F9611630B8)
[LOG] Thread::callback                         : FMOD Studio update thread finished.
[LOG] Thread::callback                         : FMOD Studio bank load thread finished.
[LOG] Profile::disconnectAll                   : Profiler disconnecting all clients
[LOG] Thread::callback                         : FMOD Studio sample load thread finished.
[LOG] LiveUpdate::release                      : 
[LOG] LiveUpdate::reset                        : Reset connection (reason Disconnected)
[LOG] Thread::callback                         : FMOD stream thread finished.
[LOG] Thread::callback                         : FMOD mixer thread finished.
[LOG] Profile::disconnectAll                   : Profiler disconnecting all clients
[LOG] SystemI::close                           : Closed.
